#-----------------------------------------------------------
# Vivado v2018.3 (64-bit)
# SW Build 2405991 on Thu Dec  6 23:38:27 MST 2018
# IP Build 2404404 on Fri Dec  7 01:43:56 MST 2018
# Start of session at: Tue Mar 12 22:56:33 2024
# Process ID: 15264
# Current directory: C:/Users/Balaji/Desktop/ece532/newstream/OV7670
# Command line: vivado.exe -gui_launcher_event rodinguilauncherevent48260 C:\Users\Balaji\Desktop\ece532\newstream\OV7670\OV7670.xpr
# Log file: C:/Users/Balaji/Desktop/ece532/newstream/OV7670/vivado.log
# Journal file: C:/Users/Balaji/Desktop/ece532/newstream/OV7670\vivado.jou
#-----------------------------------------------------------
Sourcing tcl script 'C:/Users/Balaji/AppData/Roaming/Xilinx/Vivado/Vivado_init.tcl'
start_gui
open_project C:/Users/Balaji/Desktop/ece532/newstream/OV7670/OV7670.xpr
INFO: [Project 1-313] Project file moved from 'W:/ECE532/OV7670/OV7670' since last save.
Scanning sources...
Finished scanning sources
INFO: [IP_Flow 19-234] Refreshing IP repositories
INFO: [IP_Flow 19-1704] No user IP repositories specified
INFO: [IP_Flow 19-2313] Loaded Vivado IP repository 'C:/Xilinx/Vivado/2018.3/data/ip'.
update_compile_order -fileset sources_1
open_bd_design {C:/Users/Balaji/Desktop/ece532/newstream/OV7670/OV7670.srcs/sources_1/bd/design_1/design_1.bd}
Adding cell -- xilinx.com:module_ref:ov7670_controller:1.0 - ov7670_controller_0
Adding cell -- xilinx.com:module_ref:ov7670_capture:1.0 - ov7670_capture_0
Adding cell -- xilinx.com:module_ref:debounce:1.0 - debounce_0
Adding cell -- xilinx.com:ip:clk_wiz:6.0 - clk_wiz_0
Adding cell -- xilinx.com:ip:blk_mem_gen:8.4 - blk_mem_gen_0
Adding cell -- xilinx.com:module_ref:ov7670_vga:1.0 - ov7670_vga_0
WARNING: [BD 41-1731] Type mismatch between connected pins: /clk_wiz_0/clk_out2(clk) and /ov7670_vga_0/clk25(undef)
Successfully read diagram <design_1> from BD file <C:/Users/Balaji/Desktop/ece532/newstream/OV7670/OV7670.srcs/sources_1/bd/design_1/design_1.bd>
INFO: [Device 21-403] Loading part xc7a100tcsg324-1
WARNING: [IP_Flow 19-4067] Ignoring invalid widget type specified checkbox.Providing a default widget
WARNING: [IP_Flow 19-4067] Ignoring invalid widget type specified checkbox.Providing a default widget
WARNING: [IP_Flow 19-4067] Ignoring invalid widget type specified checkbox.Providing a default widget
WARNING: [IP_Flow 19-4067] Ignoring invalid widget type specified checkbox.Providing a default widget
reset_run synth_1
WARNING: [Vivado 12-1017] Problems encountered:
1. Process appears to be on host 'BA3155WS24' and cannot be killed from host 'BALAJI-DESKTOP'

launch_runs synth_1 -jobs 8
[Wed Mar 13 04:08:58 2024] Launched synth_1...
Run output will be captured here: C:/Users/Balaji/Desktop/ece532/newstream/OV7670/OV7670.runs/synth_1/runme.log
launch_runs: Time (s): cpu = 00:00:00 ; elapsed = 00:00:25 . Memory (MB): peak = 1238.730 ; gain = 0.000
launch_runs impl_1 -jobs 8
[Wed Mar 13 04:10:32 2024] Launched impl_1...
Run output will be captured here: C:/Users/Balaji/Desktop/ece532/newstream/OV7670/OV7670.runs/impl_1/runme.log
launch_runs: Time (s): cpu = 00:00:00 ; elapsed = 00:00:24 . Memory (MB): peak = 1238.730 ; gain = 0.000
launch_runs impl_1 -to_step write_bitstream -jobs 8
[Wed Mar 13 04:12:33 2024] Launched impl_1...
Run output will be captured here: C:/Users/Balaji/Desktop/ece532/newstream/OV7670/OV7670.runs/impl_1/runme.log
launch_runs: Time (s): cpu = 00:00:00 ; elapsed = 00:00:24 . Memory (MB): peak = 1238.730 ; gain = 0.000
WARNING: [IP_Flow 19-4067] Ignoring invalid widget type specified checkbox.Providing a default widget
WARNING: [IP_Flow 19-4067] Ignoring invalid widget type specified checkbox.Providing a default widget
