Copyright 1986-2018 Xilinx, Inc. All Rights Reserved.
------------------------------------------------------------------------------------
| Tool Version : Vivado v.2018.3 (win64) Build 2405991 Thu Dec  6 23:38:27 MST 2018
| Date         : Fri Mar 29 18:12:54 2024
| Host         : josh running 64-bit major release  (build 9200)
| Command      : upgrade_ip
| Device       : xc7a100tcsg324-1
------------------------------------------------------------------------------------

Upgrade Log for IP 'objectDetection_2'

1. Summary
----------

CAUTION (success, with warnings) in the upgrade of objectDetection_2 (xilinx.com:user:objectDetection:1.0) from (Rev. 9) to (Rev. 12)

After upgrade, an IP may have parameter and port differences compared to the original customization. Please review the parameters within the IP customization GUI to ensure proper functionality. Also, please review the updated IP instantiation template to ensure proper connectivity, and update your design if required.

2. Connection Warnings
----------------------

Detected external port differences while upgrading 'objectDetection_2'. These changes may impact your design.


-Upgrade has removed port 'debug_dist'

-Upgrade has removed port 'debug_stop'

-Upgrade has removed port 'debug_threshold'







Copyright 1986-2018 Xilinx, Inc. All Rights Reserved.
------------------------------------------------------------------------------------
| Tool Version : Vivado v.2018.3 (win64) Build 2405991 Thu Dec  6 23:38:27 MST 2018
| Date         : Fri Mar 29 18:12:54 2024
| Host         : josh running 64-bit major release  (build 9200)
| Command      : upgrade_ip
| Device       : xc7a100tcsg324-1
------------------------------------------------------------------------------------

Upgrade Log for IP 'objectDetection_1'

1. Summary
----------

CAUTION (success, with warnings) in the upgrade of objectDetection_1 (xilinx.com:user:objectDetection:1.0) from (Rev. 2) to (Rev. 12)

After upgrade, an IP may have parameter and port differences compared to the original customization. Please review the parameters within the IP customization GUI to ensure proper functionality. Also, please review the updated IP instantiation template to ensure proper connectivity, and update your design if required.

2. Connection Warnings
----------------------

Detected external port differences while upgrading 'objectDetection_1'. These changes may impact your design.


-Upgrade has added port 'start_RX'







Copyright 1986-2018 Xilinx, Inc. All Rights Reserved.
------------------------------------------------------------------------------------
| Tool Version : Vivado v.2018.3 (win64) Build 2405991 Thu Dec  6 23:38:27 MST 2018
| Date         : Fri Mar 29 18:12:54 2024
| Host         : josh running 64-bit major release  (build 9200)
| Command      : upgrade_ip
| Device       : xc7a100tcsg324-1
------------------------------------------------------------------------------------

Upgrade Log for IP 'objectDetection_0'

1. Summary
----------

CAUTION (success, with warnings) in the upgrade of objectDetection_0 (xilinx.com:user:objectDetection:1.0) from (Rev. 2) to (Rev. 12)

After upgrade, an IP may have parameter and port differences compared to the original customization. Please review the parameters within the IP customization GUI to ensure proper functionality. Also, please review the updated IP instantiation template to ensure proper connectivity, and update your design if required.

2. Connection Warnings
----------------------

Detected external port differences while upgrading 'objectDetection_0'. These changes may impact your design.


-Upgrade has added port 'start_RX'


