#-----------------------------------------------------------
# Vivado v2018.3 (64-bit)
# SW Build 2405991 on Thu Dec  6 23:38:27 MST 2018
# IP Build 2404404 on Fri Dec  7 01:43:56 MST 2018
# Start of session at: Fri Mar  8 00:33:10 2024
# Process ID: 18864
# Current directory: C:/ECE532/IP/ip_repo
# Command line: vivado.exe -gui_launcher_event rodinguilauncherevent18972 C:\ECE532\IP\ip_repo\edit_objectDetection_v1_0.xpr
# Log file: C:/ECE532/IP/ip_repo/vivado.log
# Journal file: C:/ECE532/IP/ip_repo\vivado.jou
#-----------------------------------------------------------
start_gui
open_project C:/ECE532/IP/ip_repo/edit_objectDetection_v1_0.xpr
WARNING: [filemgmt 56-99] Vivado Synthesis ignores library specification for Verilog or SystemVerilog files. [C:/ECE532/IP/ip_repo/objectDetection_1.0/hdl/objectDetection_v1_0_S00_AXI.v:]
WARNING: [filemgmt 56-99] Vivado Synthesis ignores library specification for Verilog or SystemVerilog files. [C:/ECE532/IP/ip_repo/objectDetection_1.0/hdl/objectDetection_v1_0.v:]
Scanning sources...
Finished scanning sources
INFO: [IP_Flow 19-234] Refreshing IP repositories
INFO: [IP_Flow 19-1700] Loaded user IP repository 'c:/ECE532/IP/ip_repo/objectDetection_1.0'.
INFO: [IP_Flow 19-2313] Loaded Vivado IP repository 'C:/Xilinx/Vivado/2018.3/data/ip'.
open_project: Time (s): cpu = 00:00:03 ; elapsed = 00:00:05 . Memory (MB): peak = 741.363 ; gain = 138.207
update_compile_order -fileset sources_1
exit
INFO: [Common 17-206] Exiting Vivado at Fri Mar  8 00:33:50 2024...
