#-----------------------------------------------------------
# Vivado v2018.3 (64-bit)
# SW Build 2405991 on Thu Dec  6 23:38:27 MST 2018
# IP Build 2404404 on Fri Dec  7 01:43:56 MST 2018
# Start of session at: Sun Mar 10 23:30:32 2024
# Process ID: 12716
# Current directory: C:/ECE532/IP/objectDetection_0
# Command line: vivado.exe -gui_launcher_event rodinguilauncherevent12060 C:\ECE532\IP\objectDetection_0\objectDetection_0.dcp
# Log file: C:/ECE532/IP/objectDetection_0/vivado.log
# Journal file: C:/ECE532/IP/objectDetection_0\vivado.jou
#-----------------------------------------------------------
start_gui
open_checkpoint C:/ECE532/IP/objectDetection_0/objectDetection_0.dcp
Command: open_checkpoint C:/ECE532/IP/objectDetection_0/objectDetection_0.dcp

Starting open_checkpoint Task

Time (s): cpu = 00:00:00 ; elapsed = 00:00:00.023 . Memory (MB): peak = 640.785 ; gain = 0.000
INFO: [IP_Flow 19-234] Refreshing IP repositories
INFO: [IP_Flow 19-1704] No user IP repositories specified
INFO: [IP_Flow 19-2313] Loaded Vivado IP repository 'C:/Xilinx/Vivado/2018.3/data/ip'.
CRITICAL WARNING: [Board 49-67] The board_part definition was not found for digilentinc.com:nexys4_ddr:part0:1.1. This can happen sometimes when you use custom board part. You can resolve this issue by setting 'board.repoPaths' parameter, pointing to the location of custom board files. Valid board_part values can be retrieved with the 'get_board_parts' Tcl command.
CRITICAL WARNING: [Board 49-67] The board_part definition was not found for digilentinc.com:nexys4_ddr:part0:1.1. This can happen sometimes when you use custom board part. You can resolve this issue by setting 'board.repoPaths' parameter, pointing to the location of custom board files. Valid board_part values can be retrieved with the 'get_board_parts' Tcl command.
INFO: [Common 17-41] Interrupt caught. Command should exit soon.
INFO: [Project 1-479] Netlist was created with Vivado 2018.3
INFO: [Common 17-344] 'open_checkpoint' was cancelled
exit
INFO: [Common 17-206] Exiting Vivado at Sun Mar 10 23:31:24 2024...
