Vivado Simulator 2018.3
Time resolution is 1 ps
Info: [XPM_MEMORY 20-1] MEMORY_PRIMITIVE (0) instructs Vivado Synthesis to choose the memory primitive type. Depending on their values, other XPM_MEMORY parameters may preclude the choice of certain memory primitive types. Review XPM_MEMORY documentation and parameter values to understand any limitations, or set MEMORY_PRIMITIVE to a different value. tb.DUT.rx_i.axi_ethernetlite_0.U0.XEMAC_I.EMAC_I.RX.INST_RX_INTRFCE.I_RX_FIFO.xpm_fifo_instance.xpm_fifo_async_inst.gnuram_async_fifo.xpm_fifo_base_inst.gen_sdpram.xpm_memory_base_inst.config_drc
Time: 1 ps  Iteration: 0  Process: /tb/DUT/rx_i/axi_ethernetlite_0/U0/XEMAC_I/EMAC_I/RX/INST_RX_INTRFCE/I_RX_FIFO/xpm_fifo_instance/xpm_fifo_async_inst/gnuram_async_fifo.xpm_fifo_base_inst/gen_sdpram.xpm_memory_base_inst/Initial285_34  File: /wrk/2018.3/nightly/2018_12_06_2405991/packages/customer/vivado/data/ip/xpm/xpm_memory/hdl/xpm_memory.sv
Info: [XPM_MEMORY 20-1] MEMORY_PRIMITIVE (0) instructs Vivado Synthesis to choose the memory primitive type. Depending on their values, other XPM_MEMORY parameters may preclude the choice of certain memory primitive types. Review XPM_MEMORY documentation and parameter values to understand any limitations, or set MEMORY_PRIMITIVE to a different value. tb.DUT.rx_i.axi_ethernetlite_0.U0.XEMAC_I.EMAC_I.TX.INST_TX_INTRFCE.I_TX_FIFO.xpm_fifo_instance.xpm_fifo_async_inst.gnuram_async_fifo.xpm_fifo_base_inst.gen_sdpram.xpm_memory_base_inst.config_drc
Time: 1 ps  Iteration: 0  Process: /tb/DUT/rx_i/axi_ethernetlite_0/U0/XEMAC_I/EMAC_I/TX/INST_TX_INTRFCE/I_TX_FIFO/xpm_fifo_instance/xpm_fifo_async_inst/gnuram_async_fifo.xpm_fifo_base_inst/gen_sdpram.xpm_memory_base_inst/Initial285_34  File: /wrk/2018.3/nightly/2018_12_06_2405991/packages/customer/vivado/data/ip/xpm/xpm_memory/hdl/xpm_memory.sv
Info: [XPM_MEMORY 20-2] MEMORY_INIT_FILE (none), MEMORY_INIT_PARAM together specify no memory initialization. Initial memory contents will be all 0's. tb.DUT.rx_i.axi_ethernetlite_0.U0.XEMAC_I.TX_PING.xpm_mem_gen.xpm_memory_inst_1.xpm_memory_base_inst.config_drc  0
Time: 1 ps  Iteration: 0  Process: /tb/DUT/rx_i/axi_ethernetlite_0/U0/XEMAC_I/TX_PING/xpm_mem_gen/xpm_memory_inst_1/xpm_memory_base_inst/Initial285_187  File: /wrk/2018.3/nightly/2018_12_06_2405991/packages/customer/vivado/data/ip/xpm/xpm_memory/hdl/xpm_memory.sv
Info: [XPM_MEMORY 20-2] MEMORY_INIT_FILE (none), MEMORY_INIT_PARAM together specify no memory initialization. Initial memory contents will be all 0's. tb.DUT.rx_i.axi_ethernetlite_0.U0.XEMAC_I.TX_PING.xpm_mem_gen.xpm_memory_inst_2.xpm_memory_base_inst.config_drc  0
Time: 1 ps  Iteration: 0  Process: /tb/DUT/rx_i/axi_ethernetlite_0/U0/XEMAC_I/TX_PING/xpm_mem_gen/xpm_memory_inst_2/xpm_memory_base_inst/Initial285_187  File: /wrk/2018.3/nightly/2018_12_06_2405991/packages/customer/vivado/data/ip/xpm/xpm_memory/hdl/xpm_memory.sv
Info: [XPM_MEMORY 20-2] MEMORY_INIT_FILE (none), MEMORY_INIT_PARAM together specify no memory initialization. Initial memory contents will be all 0's. tb.DUT.rx_i.axi_ethernetlite_0.U0.XEMAC_I.RX_PING.xpm_mem_gen.xpm_memory_inst_1.xpm_memory_base_inst.config_drc  0
Time: 1 ps  Iteration: 0  Process: /tb/DUT/rx_i/axi_ethernetlite_0/U0/XEMAC_I/RX_PING/xpm_mem_gen/xpm_memory_inst_1/xpm_memory_base_inst/Initial285_187  File: /wrk/2018.3/nightly/2018_12_06_2405991/packages/customer/vivado/data/ip/xpm/xpm_memory/hdl/xpm_memory.sv
Info: [XPM_MEMORY 20-2] MEMORY_INIT_FILE (none), MEMORY_INIT_PARAM together specify no memory initialization. Initial memory contents will be all 0's. tb.DUT.rx_i.axi_ethernetlite_0.U0.XEMAC_I.RX_PING.xpm_mem_gen.xpm_memory_inst_2.xpm_memory_base_inst.config_drc  0
Time: 1 ps  Iteration: 0  Process: /tb/DUT/rx_i/axi_ethernetlite_0/U0/XEMAC_I/RX_PING/xpm_mem_gen/xpm_memory_inst_2/xpm_memory_base_inst/Initial285_187  File: /wrk/2018.3/nightly/2018_12_06_2405991/packages/customer/vivado/data/ip/xpm/xpm_memory/hdl/xpm_memory.sv
Info: [XPM_MEMORY 20-2] MEMORY_INIT_FILE (none), MEMORY_INIT_PARAM together specify no memory initialization. Initial memory contents will be all 0's. tb.DUT.rx_i.axi_ethernetlite_0.U0.XEMAC_I.tx_pong_gen.TX_PONG_I.xpm_mem_gen.xpm_memory_inst_1.xpm_memory_base_inst.config_drc  0
Time: 1 ps  Iteration: 0  Process: /tb/DUT/rx_i/axi_ethernetlite_0/U0/XEMAC_I/tx_pong_gen/TX_PONG_I/xpm_mem_gen/xpm_memory_inst_1/xpm_memory_base_inst/Initial285_187  File: /wrk/2018.3/nightly/2018_12_06_2405991/packages/customer/vivado/data/ip/xpm/xpm_memory/hdl/xpm_memory.sv
Info: [XPM_MEMORY 20-2] MEMORY_INIT_FILE (none), MEMORY_INIT_PARAM together specify no memory initialization. Initial memory contents will be all 0's. tb.DUT.rx_i.axi_ethernetlite_0.U0.XEMAC_I.tx_pong_gen.TX_PONG_I.xpm_mem_gen.xpm_memory_inst_2.xpm_memory_base_inst.config_drc  0
Time: 1 ps  Iteration: 0  Process: /tb/DUT/rx_i/axi_ethernetlite_0/U0/XEMAC_I/tx_pong_gen/TX_PONG_I/xpm_mem_gen/xpm_memory_inst_2/xpm_memory_base_inst/Initial285_187  File: /wrk/2018.3/nightly/2018_12_06_2405991/packages/customer/vivado/data/ip/xpm/xpm_memory/hdl/xpm_memory.sv
Info: [XPM_MEMORY 20-2] MEMORY_INIT_FILE (none), MEMORY_INIT_PARAM together specify no memory initialization. Initial memory contents will be all 0's. tb.DUT.rx_i.axi_ethernetlite_0.U0.XEMAC_I.rx_pong_gen.RX_PONG_I.xpm_mem_gen.xpm_memory_inst_1.xpm_memory_base_inst.config_drc  0
Time: 1 ps  Iteration: 0  Process: /tb/DUT/rx_i/axi_ethernetlite_0/U0/XEMAC_I/rx_pong_gen/RX_PONG_I/xpm_mem_gen/xpm_memory_inst_1/xpm_memory_base_inst/Initial285_187  File: /wrk/2018.3/nightly/2018_12_06_2405991/packages/customer/vivado/data/ip/xpm/xpm_memory/hdl/xpm_memory.sv
Info: [XPM_MEMORY 20-2] MEMORY_INIT_FILE (none), MEMORY_INIT_PARAM together specify no memory initialization. Initial memory contents will be all 0's. tb.DUT.rx_i.axi_ethernetlite_0.U0.XEMAC_I.rx_pong_gen.RX_PONG_I.xpm_mem_gen.xpm_memory_inst_2.xpm_memory_base_inst.config_drc  0
Time: 1 ps  Iteration: 0  Process: /tb/DUT/rx_i/axi_ethernetlite_0/U0/XEMAC_I/rx_pong_gen/RX_PONG_I/xpm_mem_gen/xpm_memory_inst_2/xpm_memory_base_inst/Initial285_187  File: /wrk/2018.3/nightly/2018_12_06_2405991/packages/customer/vivado/data/ip/xpm/xpm_memory/hdl/xpm_memory.sv
