#-----------------------------------------------------------
# Vivado v2018.3.1 (64-bit)
# SW Build 2489853 on Tue Mar 26 04:20:25 MDT 2019
# IP Build 2486929 on Tue Mar 26 06:44:21 MDT 2019
# Start of session at: Wed Feb 28 15:22:50 2024
# Process ID: 4528
# Current directory: C:/ECE532/audio_project
# Command line: vivado.exe -gui_launcher_event rodinguilauncherevent9128 C:\ECE532\audio_project\audio_project.xpr
# Log file: C:/ECE532/audio_project/vivado.log
# Journal file: C:/ECE532/audio_project\vivado.jou
#-----------------------------------------------------------
start_gui
open_project C:/ECE532/audio_project/audio_project.xpr
Scanning sources...
Finished scanning sources
WARNING: [filemgmt 56-3] IP Repository Path: Could not find the directory 'C:/ECE532/ip_repo/audio_axi_1.0'.
INFO: [IP_Flow 19-234] Refreshing IP repositories
INFO: [IP_Flow 19-1700] Loaded user IP repository 'c:/ece532'.
WARNING: [IP_Flow 19-3685] Ignored loading user repository 'c:/ECE532/ip_repo/audio_axi_1.0'. The path is contained within another repository.
INFO: [IP_Flow 19-2313] Loaded Vivado IP repository 'C:/DESL/Xilinx/Vivado/2018.3/data/ip'.
open_project: Time (s): cpu = 00:00:13 ; elapsed = 00:00:08 . Memory (MB): peak = 829.961 ; gain = 199.449
update_compile_order -fileset sources_1
update_compile_order -fileset sources_1
ipx::package_project -root_dir c:/ece532 -vendor utoronto.ca -library user -taxonomy /UserIP -force
WARNING: [IP_Flow 19-3833] Unreferenced file from the top module is not packaged: 'C:/ECE532/audio_project/audio_project.srcs/sources_1/bd/pll/pll.bd'.
WARNING: [IP_Flow 19-3833] Unreferenced file from the top module is not packaged: 'C:/ECE532/audio_project/audio_project.srcs/sources_1/bd/pll/hdl/pll_wrapper.v'.
WARNING: [IP_Flow 19-3833] Unreferenced file from the top module is not packaged: 'C:/ECE532/audio_project/audio_project.srcs/sources_1/imports/new/sigma_delta.v'.
WARNING: [IP_Flow 19-3833] Unreferenced file from the top module is not packaged: 'C:/ECE532/audio_project/audio_project.srcs/sources_1/bd/audio_block/audio_block.bd'.
INFO: [IP_Flow 19-5107] Inferred bus interface 's00_axi' of definition 'xilinx.com:interface:aximm:1.0' (from Xilinx Repository).
INFO: [IP_Flow 19-5107] Inferred bus interface 's00_axi_aresetn' of definition 'xilinx.com:signal:reset:1.0' (from Xilinx Repository).
INFO: [IP_Flow 19-5107] Inferred bus interface 'PDM_clk' of definition 'xilinx.com:signal:clock:1.0' (from Xilinx Repository).
INFO: [IP_Flow 19-5107] Inferred bus interface 's00_axi_aclk' of definition 'xilinx.com:signal:clock:1.0' (from Xilinx Repository).
INFO: [IP_Flow 19-4728] Bus Interface 's00_axi_aresetn': Added interface parameter 'POLARITY' with value 'ACTIVE_LOW'.
INFO: [IP_Flow 19-4728] Bus Interface 's00_axi_aclk': Added interface parameter 'ASSOCIATED_BUSIF' with value 's00_axi'.
INFO: [IP_Flow 19-4728] Bus Interface 's00_axi_aclk': Added interface parameter 'ASSOCIATED_RESET' with value 's00_axi_aresetn'.
WARNING: [IP_Flow 19-3153] Bus Interface 'PDM_clk': ASSOCIATED_BUSIF bus parameter is missing.
WARNING: [IP_Flow 19-4751] Bus Interface 'PDM_clk': FREQ_HZ bus parameter is missing for output clock interface.
WARNING: [IP_Flow 19-991] Unrecognized or unsupported file '../ECE532/audio_project/audio_project.srcs/sources_1/bd/design_1/sim/design_1.protoinst' found in file group 'Simulation'.
Resolution: Remove the file from the specified file group.
INFO: [IP_Flow 19-2181] Payment Required is not set for this core.
INFO: [IP_Flow 19-2187] The Product Guide file is missing.
set_property core_revision 2 [ipx::current_core]
ipx::create_xgui_files [ipx::current_core]
ipx::update_checksums [ipx::current_core]
ipx::save_core [ipx::current_core]
update_ip_catalog -rebuild -repo_path c:/ece532
INFO: [IP_Flow 19-725] Reloaded user IP repository 'c:/ece532'
ipx::package_project -root_dir c:/ece532 -vendor utoronto.ca -library user -taxonomy /UserIP -force
WARNING: [IP_Flow 19-3833] Unreferenced file from the top module is not packaged: 'C:/ECE532/audio_project/audio_project.srcs/sources_1/bd/pll/pll.bd'.
WARNING: [IP_Flow 19-3833] Unreferenced file from the top module is not packaged: 'C:/ECE532/audio_project/audio_project.srcs/sources_1/bd/pll/hdl/pll_wrapper.v'.
WARNING: [IP_Flow 19-3833] Unreferenced file from the top module is not packaged: 'C:/ECE532/audio_project/audio_project.srcs/sources_1/imports/new/sigma_delta.v'.
WARNING: [IP_Flow 19-3833] Unreferenced file from the top module is not packaged: 'C:/ECE532/audio_project/audio_project.srcs/sources_1/bd/audio_block/audio_block.bd'.
INFO: [IP_Flow 19-5107] Inferred bus interface 's00_axi' of definition 'xilinx.com:interface:aximm:1.0' (from Xilinx Repository).
INFO: [IP_Flow 19-5107] Inferred bus interface 's00_axi_aresetn' of definition 'xilinx.com:signal:reset:1.0' (from Xilinx Repository).
INFO: [IP_Flow 19-5107] Inferred bus interface 'PDM_clk' of definition 'xilinx.com:signal:clock:1.0' (from Xilinx Repository).
INFO: [IP_Flow 19-5107] Inferred bus interface 's00_axi_aclk' of definition 'xilinx.com:signal:clock:1.0' (from Xilinx Repository).
INFO: [IP_Flow 19-4728] Bus Interface 's00_axi_aresetn': Added interface parameter 'POLARITY' with value 'ACTIVE_LOW'.
INFO: [IP_Flow 19-4728] Bus Interface 's00_axi_aclk': Added interface parameter 'ASSOCIATED_BUSIF' with value 's00_axi'.
INFO: [IP_Flow 19-4728] Bus Interface 's00_axi_aclk': Added interface parameter 'ASSOCIATED_RESET' with value 's00_axi_aresetn'.
WARNING: [IP_Flow 19-3153] Bus Interface 'PDM_clk': ASSOCIATED_BUSIF bus parameter is missing.
WARNING: [IP_Flow 19-4751] Bus Interface 'PDM_clk': FREQ_HZ bus parameter is missing for output clock interface.
WARNING: [IP_Flow 19-991] Unrecognized or unsupported file '../ECE532/audio_project/audio_project.srcs/sources_1/bd/design_1/sim/design_1.protoinst' found in file group 'Simulation'.
Resolution: Remove the file from the specified file group.
INFO: [IP_Flow 19-2181] Payment Required is not set for this core.
INFO: [IP_Flow 19-2187] The Product Guide file is missing.
set_property core_revision 2 [ipx::current_core]
ipx::create_xgui_files [ipx::current_core]
ipx::update_checksums [ipx::current_core]
ipx::save_core [ipx::current_core]
update_ip_catalog -rebuild -repo_path c:/ece532
INFO: [IP_Flow 19-725] Reloaded user IP repository 'c:/ece532'
set_property core_revision 3 [ipx::current_core]
ipx::create_xgui_files [ipx::current_core]
ipx::update_checksums [ipx::current_core]
ipx::save_core [ipx::current_core]
update_ip_catalog -rebuild -repo_path c:/ece532
INFO: [IP_Flow 19-725] Reloaded user IP repository 'c:/ece532'
ipx::package_project -root_dir c:/ece532 -vendor utoronto.ca -library user -taxonomy /UserIP -force
WARNING: [IP_Flow 19-3833] Unreferenced file from the top module is not packaged: 'C:/ECE532/audio_project/audio_project.srcs/sources_1/bd/pll/pll.bd'.
WARNING: [IP_Flow 19-3833] Unreferenced file from the top module is not packaged: 'C:/ECE532/audio_project/audio_project.srcs/sources_1/bd/pll/hdl/pll_wrapper.v'.
WARNING: [IP_Flow 19-3833] Unreferenced file from the top module is not packaged: 'C:/ECE532/audio_project/audio_project.srcs/sources_1/imports/new/sigma_delta.v'.
WARNING: [IP_Flow 19-3833] Unreferenced file from the top module is not packaged: 'C:/ECE532/audio_project/audio_project.srcs/sources_1/bd/audio_block/audio_block.bd'.
INFO: [IP_Flow 19-5107] Inferred bus interface 's00_axi' of definition 'xilinx.com:interface:aximm:1.0' (from Xilinx Repository).
INFO: [IP_Flow 19-5107] Inferred bus interface 's00_axi_aresetn' of definition 'xilinx.com:signal:reset:1.0' (from Xilinx Repository).
INFO: [IP_Flow 19-5107] Inferred bus interface 'PDM_clk' of definition 'xilinx.com:signal:clock:1.0' (from Xilinx Repository).
INFO: [IP_Flow 19-5107] Inferred bus interface 's00_axi_aclk' of definition 'xilinx.com:signal:clock:1.0' (from Xilinx Repository).
INFO: [IP_Flow 19-4728] Bus Interface 's00_axi_aresetn': Added interface parameter 'POLARITY' with value 'ACTIVE_LOW'.
INFO: [IP_Flow 19-4728] Bus Interface 's00_axi_aclk': Added interface parameter 'ASSOCIATED_BUSIF' with value 's00_axi'.
INFO: [IP_Flow 19-4728] Bus Interface 's00_axi_aclk': Added interface parameter 'ASSOCIATED_RESET' with value 's00_axi_aresetn'.
WARNING: [IP_Flow 19-3153] Bus Interface 'PDM_clk': ASSOCIATED_BUSIF bus parameter is missing.
WARNING: [IP_Flow 19-4751] Bus Interface 'PDM_clk': FREQ_HZ bus parameter is missing for output clock interface.
WARNING: [IP_Flow 19-991] Unrecognized or unsupported file '../ECE532/audio_project/audio_project.srcs/sources_1/bd/design_1/sim/design_1.protoinst' found in file group 'Simulation'.
Resolution: Remove the file from the specified file group.
INFO: [IP_Flow 19-2181] Payment Required is not set for this core.
INFO: [IP_Flow 19-2187] The Product Guide file is missing.
set_property core_revision 2 [ipx::current_core]
ipx::create_xgui_files [ipx::current_core]
ipx::update_checksums [ipx::current_core]
ipx::save_core [ipx::current_core]
update_ip_catalog -rebuild -repo_path c:/ece532
INFO: [IP_Flow 19-725] Reloaded user IP repository 'c:/ece532'
ipx::package_project -root_dir c:/ece532 -vendor utoronto.ca -library user -taxonomy /UserIP -force
WARNING: [IP_Flow 19-3833] Unreferenced file from the top module is not packaged: 'C:/ECE532/audio_project/audio_project.srcs/sources_1/bd/pll/pll.bd'.
WARNING: [IP_Flow 19-3833] Unreferenced file from the top module is not packaged: 'C:/ECE532/audio_project/audio_project.srcs/sources_1/bd/pll/hdl/pll_wrapper.v'.
WARNING: [IP_Flow 19-3833] Unreferenced file from the top module is not packaged: 'C:/ECE532/audio_project/audio_project.srcs/sources_1/imports/new/sigma_delta.v'.
WARNING: [IP_Flow 19-3833] Unreferenced file from the top module is not packaged: 'C:/ECE532/audio_project/audio_project.srcs/sources_1/bd/audio_block/audio_block.bd'.
INFO: [IP_Flow 19-5107] Inferred bus interface 's00_axi' of definition 'xilinx.com:interface:aximm:1.0' (from Xilinx Repository).
INFO: [IP_Flow 19-5107] Inferred bus interface 's00_axi_aresetn' of definition 'xilinx.com:signal:reset:1.0' (from Xilinx Repository).
INFO: [IP_Flow 19-5107] Inferred bus interface 'PDM_clk' of definition 'xilinx.com:signal:clock:1.0' (from Xilinx Repository).
INFO: [IP_Flow 19-5107] Inferred bus interface 's00_axi_aclk' of definition 'xilinx.com:signal:clock:1.0' (from Xilinx Repository).
INFO: [IP_Flow 19-4728] Bus Interface 's00_axi_aresetn': Added interface parameter 'POLARITY' with value 'ACTIVE_LOW'.
INFO: [IP_Flow 19-4728] Bus Interface 's00_axi_aclk': Added interface parameter 'ASSOCIATED_BUSIF' with value 's00_axi'.
INFO: [IP_Flow 19-4728] Bus Interface 's00_axi_aclk': Added interface parameter 'ASSOCIATED_RESET' with value 's00_axi_aresetn'.
WARNING: [IP_Flow 19-3153] Bus Interface 'PDM_clk': ASSOCIATED_BUSIF bus parameter is missing.
WARNING: [IP_Flow 19-4751] Bus Interface 'PDM_clk': FREQ_HZ bus parameter is missing for output clock interface.
WARNING: [IP_Flow 19-991] Unrecognized or unsupported file '../ECE532/audio_project/audio_project.srcs/sources_1/bd/design_1/sim/design_1.protoinst' found in file group 'Simulation'.
Resolution: Remove the file from the specified file group.
INFO: [IP_Flow 19-2181] Payment Required is not set for this core.
INFO: [IP_Flow 19-2187] The Product Guide file is missing.
set_property core_revision 2 [ipx::current_core]
ipx::create_xgui_files [ipx::current_core]
ipx::update_checksums [ipx::current_core]
ipx::save_core [ipx::current_core]
update_ip_catalog -rebuild -repo_path c:/ece532
INFO: [IP_Flow 19-725] Reloaded user IP repository 'c:/ece532'
ipx::package_project -root_dir c:/ece532 -vendor utoronto.ca -library user -taxonomy /UserIP -force
WARNING: [IP_Flow 19-3833] Unreferenced file from the top module is not packaged: 'C:/ECE532/audio_project/audio_project.srcs/sources_1/bd/pll/pll.bd'.
WARNING: [IP_Flow 19-3833] Unreferenced file from the top module is not packaged: 'C:/ECE532/audio_project/audio_project.srcs/sources_1/bd/pll/hdl/pll_wrapper.v'.
WARNING: [IP_Flow 19-3833] Unreferenced file from the top module is not packaged: 'C:/ECE532/audio_project/audio_project.srcs/sources_1/imports/new/sigma_delta.v'.
WARNING: [IP_Flow 19-3833] Unreferenced file from the top module is not packaged: 'C:/ECE532/audio_project/audio_project.srcs/sources_1/bd/audio_block/audio_block.bd'.
INFO: [IP_Flow 19-5107] Inferred bus interface 's00_axi' of definition 'xilinx.com:interface:aximm:1.0' (from Xilinx Repository).
INFO: [IP_Flow 19-5107] Inferred bus interface 's00_axi_aresetn' of definition 'xilinx.com:signal:reset:1.0' (from Xilinx Repository).
INFO: [IP_Flow 19-5107] Inferred bus interface 'PDM_clk' of definition 'xilinx.com:signal:clock:1.0' (from Xilinx Repository).
INFO: [IP_Flow 19-5107] Inferred bus interface 's00_axi_aclk' of definition 'xilinx.com:signal:clock:1.0' (from Xilinx Repository).
INFO: [IP_Flow 19-4728] Bus Interface 's00_axi_aresetn': Added interface parameter 'POLARITY' with value 'ACTIVE_LOW'.
INFO: [IP_Flow 19-4728] Bus Interface 's00_axi_aclk': Added interface parameter 'ASSOCIATED_BUSIF' with value 's00_axi'.
INFO: [IP_Flow 19-4728] Bus Interface 's00_axi_aclk': Added interface parameter 'ASSOCIATED_RESET' with value 's00_axi_aresetn'.
WARNING: [IP_Flow 19-3153] Bus Interface 'PDM_clk': ASSOCIATED_BUSIF bus parameter is missing.
WARNING: [IP_Flow 19-4751] Bus Interface 'PDM_clk': FREQ_HZ bus parameter is missing for output clock interface.
WARNING: [IP_Flow 19-991] Unrecognized or unsupported file '../ECE532/audio_project/audio_project.srcs/sources_1/bd/design_1/sim/design_1.protoinst' found in file group 'Simulation'.
Resolution: Remove the file from the specified file group.
INFO: [IP_Flow 19-2181] Payment Required is not set for this core.
INFO: [IP_Flow 19-2187] The Product Guide file is missing.
set_property core_revision 2 [ipx::current_core]
ipx::create_xgui_files [ipx::current_core]
ipx::update_checksums [ipx::current_core]
ipx::save_core [ipx::current_core]
update_ip_catalog -rebuild -repo_path c:/ece532
INFO: [IP_Flow 19-725] Reloaded user IP repository 'c:/ece532'
ipx::package_project -root_dir c:/ece532 -vendor utoronto.ca -library user -taxonomy /UserIP -force
WARNING: [IP_Flow 19-3833] Unreferenced file from the top module is not packaged: 'C:/ECE532/audio_project/audio_project.srcs/sources_1/bd/pll/pll.bd'.
WARNING: [IP_Flow 19-3833] Unreferenced file from the top module is not packaged: 'C:/ECE532/audio_project/audio_project.srcs/sources_1/bd/pll/hdl/pll_wrapper.v'.
WARNING: [IP_Flow 19-3833] Unreferenced file from the top module is not packaged: 'C:/ECE532/audio_project/audio_project.srcs/sources_1/imports/new/sigma_delta.v'.
WARNING: [IP_Flow 19-3833] Unreferenced file from the top module is not packaged: 'C:/ECE532/audio_project/audio_project.srcs/sources_1/bd/audio_block/audio_block.bd'.
INFO: [IP_Flow 19-5107] Inferred bus interface 's00_axi' of definition 'xilinx.com:interface:aximm:1.0' (from Xilinx Repository).
INFO: [IP_Flow 19-5107] Inferred bus interface 's00_axi_aresetn' of definition 'xilinx.com:signal:reset:1.0' (from Xilinx Repository).
INFO: [IP_Flow 19-5107] Inferred bus interface 'PDM_clk' of definition 'xilinx.com:signal:clock:1.0' (from Xilinx Repository).
INFO: [IP_Flow 19-5107] Inferred bus interface 's00_axi_aclk' of definition 'xilinx.com:signal:clock:1.0' (from Xilinx Repository).
INFO: [IP_Flow 19-4728] Bus Interface 's00_axi_aresetn': Added interface parameter 'POLARITY' with value 'ACTIVE_LOW'.
INFO: [IP_Flow 19-4728] Bus Interface 's00_axi_aclk': Added interface parameter 'ASSOCIATED_BUSIF' with value 's00_axi'.
INFO: [IP_Flow 19-4728] Bus Interface 's00_axi_aclk': Added interface parameter 'ASSOCIATED_RESET' with value 's00_axi_aresetn'.
WARNING: [IP_Flow 19-3153] Bus Interface 'PDM_clk': ASSOCIATED_BUSIF bus parameter is missing.
WARNING: [IP_Flow 19-4751] Bus Interface 'PDM_clk': FREQ_HZ bus parameter is missing for output clock interface.
WARNING: [IP_Flow 19-991] Unrecognized or unsupported file '../ECE532/audio_project/audio_project.srcs/sources_1/bd/design_1/sim/design_1.protoinst' found in file group 'Simulation'.
Resolution: Remove the file from the specified file group.
INFO: [IP_Flow 19-2181] Payment Required is not set for this core.
INFO: [IP_Flow 19-2187] The Product Guide file is missing.
set_property core_revision 2 [ipx::current_core]
ipx::create_xgui_files [ipx::current_core]
ipx::update_checksums [ipx::current_core]
ipx::save_core [ipx::current_core]
update_ip_catalog -rebuild -repo_path c:/ece532
INFO: [IP_Flow 19-725] Reloaded user IP repository 'c:/ece532'
set_property used_in_synthesis false [get_files  C:/ECE532/audio_project/audio_project.srcs/sources_1/bd/pll/hdl/pll_wrapper.v]
set_property used_in_implementation false [get_files  C:/ECE532/audio_project/audio_project.srcs/sources_1/bd/pll/hdl/pll_wrapper.v]
ipx::package_project -root_dir c:/ece532 -vendor utoronto.ca -library user -taxonomy /UserIP -force
WARNING: [IP_Flow 19-3833] Unreferenced file from the top module is not packaged: 'C:/ECE532/audio_project/audio_project.srcs/sources_1/bd/pll/pll.bd'.
WARNING: [IP_Flow 19-3833] Unreferenced file from the top module is not packaged: 'C:/ECE532/audio_project/audio_project.srcs/sources_1/bd/pll/hdl/pll_wrapper.v'.
WARNING: [IP_Flow 19-3833] Unreferenced file from the top module is not packaged: 'C:/ECE532/audio_project/audio_project.srcs/sources_1/imports/new/sigma_delta.v'.
WARNING: [IP_Flow 19-3833] Unreferenced file from the top module is not packaged: 'C:/ECE532/audio_project/audio_project.srcs/sources_1/bd/audio_block/audio_block.bd'.
INFO: [IP_Flow 19-5107] Inferred bus interface 's00_axi' of definition 'xilinx.com:interface:aximm:1.0' (from Xilinx Repository).
INFO: [IP_Flow 19-5107] Inferred bus interface 's00_axi_aresetn' of definition 'xilinx.com:signal:reset:1.0' (from Xilinx Repository).
INFO: [IP_Flow 19-5107] Inferred bus interface 'PDM_clk' of definition 'xilinx.com:signal:clock:1.0' (from Xilinx Repository).
INFO: [IP_Flow 19-5107] Inferred bus interface 's00_axi_aclk' of definition 'xilinx.com:signal:clock:1.0' (from Xilinx Repository).
INFO: [IP_Flow 19-4728] Bus Interface 's00_axi_aresetn': Added interface parameter 'POLARITY' with value 'ACTIVE_LOW'.
INFO: [IP_Flow 19-4728] Bus Interface 's00_axi_aclk': Added interface parameter 'ASSOCIATED_BUSIF' with value 's00_axi'.
INFO: [IP_Flow 19-4728] Bus Interface 's00_axi_aclk': Added interface parameter 'ASSOCIATED_RESET' with value 's00_axi_aresetn'.
WARNING: [IP_Flow 19-3153] Bus Interface 'PDM_clk': ASSOCIATED_BUSIF bus parameter is missing.
WARNING: [IP_Flow 19-4751] Bus Interface 'PDM_clk': FREQ_HZ bus parameter is missing for output clock interface.
WARNING: [IP_Flow 19-991] Unrecognized or unsupported file '../ECE532/audio_project/audio_project.srcs/sources_1/bd/design_1/sim/design_1.protoinst' found in file group 'Simulation'.
Resolution: Remove the file from the specified file group.
INFO: [IP_Flow 19-2181] Payment Required is not set for this core.
INFO: [IP_Flow 19-2187] The Product Guide file is missing.
set_property core_revision 2 [ipx::current_core]
ipx::create_xgui_files [ipx::current_core]
ipx::update_checksums [ipx::current_core]
ipx::save_core [ipx::current_core]
update_ip_catalog -rebuild -repo_path c:/ece532
INFO: [IP_Flow 19-725] Reloaded user IP repository 'c:/ece532'
set_property core_revision 3 [ipx::current_core]
ipx::create_xgui_files [ipx::current_core]
ipx::update_checksums [ipx::current_core]
ipx::save_core [ipx::current_core]
update_ip_catalog -rebuild -repo_path c:/ece532
INFO: [IP_Flow 19-725] Reloaded user IP repository 'c:/ece532'
ipx::merge_project_changes files [ipx::current_core]
WARNING: [IP_Flow 19-3833] Unreferenced file from the top module is not packaged: 'C:/ECE532/audio_project/audio_project.srcs/sources_1/bd/pll/pll.bd'.
WARNING: [IP_Flow 19-3833] Unreferenced file from the top module is not packaged: 'C:/ECE532/audio_project/audio_project.srcs/sources_1/bd/pll/hdl/pll_wrapper.v'.
WARNING: [IP_Flow 19-3833] Unreferenced file from the top module is not packaged: 'C:/ECE532/audio_project/audio_project.srcs/sources_1/imports/new/sigma_delta.v'.
WARNING: [IP_Flow 19-3833] Unreferenced file from the top module is not packaged: 'C:/ECE532/audio_project/audio_project.srcs/sources_1/bd/audio_block/audio_block.bd'.
WARNING: [IP_Flow 19-5226] Project source file 'c:/ece532/component.xml' ignored by IP packager.
ipx::merge_project_changes hdl_parameters [ipx::current_core]
WARNING: [IP_Flow 19-3833] Unreferenced file from the top module is not packaged: 'C:/ECE532/audio_project/audio_project.srcs/sources_1/bd/pll/pll.bd'.
WARNING: [IP_Flow 19-3833] Unreferenced file from the top module is not packaged: 'C:/ECE532/audio_project/audio_project.srcs/sources_1/bd/pll/hdl/pll_wrapper.v'.
WARNING: [IP_Flow 19-3833] Unreferenced file from the top module is not packaged: 'C:/ECE532/audio_project/audio_project.srcs/sources_1/imports/new/sigma_delta.v'.
WARNING: [IP_Flow 19-3833] Unreferenced file from the top module is not packaged: 'C:/ECE532/audio_project/audio_project.srcs/sources_1/bd/audio_block/audio_block.bd'.
WARNING: [IP_Flow 19-5226] Project source file 'c:/ece532/component.xml' ignored by IP packager.
INFO: [IP_Flow 19-3166] Bus Interface 's00_axi': References existing memory map 's00_axi'.
set_property core_revision 4 [ipx::current_core]
ipx::create_xgui_files [ipx::current_core]
ipx::update_checksums [ipx::current_core]
ipx::save_core [ipx::current_core]
update_ip_catalog -rebuild -repo_path c:/ece532
INFO: [IP_Flow 19-725] Reloaded user IP repository 'c:/ece532'
